TN:
SF:src\services\SubmitFeedbackService.ts
FN:16,execute
FN:11,SubmitFeedbackService
FNF:2
FNH:2
FNDA:5,execute
FNDA:5,SubmitFeedbackService
DA:1,1
DA:2,1
DA:3,1
DA:4,1
DA:5,1
DA:6,1
DA:7,1
DA:8,1
DA:9,1
DA:10,1
DA:11,1
DA:12,5
DA:13,5
DA:14,5
DA:15,1
DA:16,1
DA:17,5
DA:18,5
DA:19,5
DA:20,1
DA:21,1
DA:22,4
DA:23,5
DA:24,1
DA:25,1
DA:26,3
DA:27,3
DA:28,3
DA:29,2
DA:30,5
DA:31,1
DA:32,1
DA:33,2
DA:34,2
DA:35,2
DA:36,2
DA:37,2
DA:38,2
DA:39,2
DA:40,2
DA:41,2
DA:42,2
DA:43,2
DA:44,2
DA:45,2
DA:46,2
DA:47,2
DA:48,2
DA:49,2
DA:50,2
DA:51,2
DA:52,2
DA:53,2
DA:54,2
DA:55,2
DA:56,2
DA:57,2
DA:58,2
DA:59,1
DA:60,1
DA:61,1
DA:62,1
DA:63,1
DA:64,1
DA:65,5
DA:66,5
DA:67,5
DA:68,5
DA:69,5
DA:70,2
DA:71,1
DA:72,1
DA:73,1
LF:73
LH:73
BRDA:16,0,0,5
BRDA:19,1,0,1
BRDA:22,2,0,4
BRDA:23,3,0,1
BRDA:26,4,0,3
BRDA:28,5,0,2
BRDA:30,6,0,1
BRDA:33,7,0,2
BRDA:59,8,0,1
BRDA:65,9,0,1
BRDA:70,10,0,2
BRDA:11,11,0,5
BRF:12
BRH:12
end_of_record
